d:\program\lifetrack\lifetrack\lifetrack\obj\vc143.pdb
d:\program\lifetrack\lifetrack\lifetrack\obj\vc143.idb
d:\program\lifetrack\lifetrack\lifetrack\obj\qrc_lifetrack.obj
d:\program\lifetrack\lifetrack\lifetrack\obj\lifetrack.obj
d:\program\lifetrack\lifetrack\lifetrack\obj\analysispage.obj
d:\program\lifetrack\lifetrack\lifetrack\obj\main.obj
d:\program\lifetrack\lifetrack\lifetrack\obj\commonfunc.obj
d:\program\lifetrack\lifetrack\lifetrack\obj\taskpage.obj
d:\program\lifetrack\lifetrack\lifetrack\obj\dbmana.obj
d:\program\lifetrack\lifetrack\lifetrack\obj\mainpage.obj
d:\program\lifetrack\lifetrack\lifetrack\obj\goalpage.obj
d:\program\lifetrack\lifetrack\lifetrack\obj\global.obj
d:\program\lifetrack\lifetrack\lifetrack\obj\language.obj
d:\program\lifetrack\lifetrack\lifetrack\obj\systempage.obj
d:\program\lifetrack\lifetrack\lifetrack\obj\moc_dbmana.obj
d:\program\lifetrack\lifetrack\lifetrack\obj\moc_systempage.obj
d:\program\lifetrack\lifetrack\lifetrack\obj\moc_analysispage.obj
d:\program\lifetrack\lifetrack\lifetrack\obj\moc_lifetrack.obj
d:\program\lifetrack\lifetrack\lifetrack\obj\moc_goalpage.obj
d:\program\lifetrack\lifetrack\lifetrack\obj\moc_taskpage.obj
d:\program\lifetrack\lifetrack\lifetrack\obj\moc_mainpage.obj
d:\program\lifetrack\lifetrack\lifetrack\obj\datacenter.obj
d:\program\lifetrack\lifetrack\lifetrack\obj\uic\ui_lifetrack.h
d:\program\lifetrack\lifetrack\lifetrack\obj\rcc\qrc_lifetrack.cpp
d:\program\lifetrack\lifetrack\lifetrack\obj\moc\moc_lifetrack.cpp
d:\program\lifetrack\lifetrack\lifetrack\obj\moc\moc_mainpage.cpp
d:\program\lifetrack\lifetrack\lifetrack\obj\moc\moc_analysispage.cpp
d:\program\lifetrack\lifetrack\lifetrack\obj\moc\moc_goalpage.cpp
d:\program\lifetrack\lifetrack\lifetrack\obj\moc\moc_systempage.cpp
d:\program\lifetrack\lifetrack\lifetrack\obj\moc\moc_taskpage.cpp
d:\program\lifetrack\lifetrack\lifetrack\obj\moc\moc_dbmana.cpp
d:\program\lifetrack\lifetrack\lifetrack\obj\moc\moc_datacenter.cpp
d:\program\lifetrack\lifetrack\x64\debug\lifetrack.exe
d:\program\lifetrack\lifetrack\lifetrack\obj\lifetrack.ilk
d:\program\lifetrack\lifetrack\x64\debug\lifetrack.pdb
d:\program\lifetrack\lifetrack\lifetrack\obj\lifetrack.tlog\cl.command.1.tlog
d:\program\lifetrack\lifetrack\lifetrack\obj\lifetrack.tlog\cl.items.tlog
d:\program\lifetrack\lifetrack\lifetrack\obj\lifetrack.tlog\cl.read.1.tlog
d:\program\lifetrack\lifetrack\lifetrack\obj\lifetrack.tlog\cl.write.1.tlog
d:\program\lifetrack\lifetrack\lifetrack\obj\lifetrack.tlog\lifetrack.write.1u.tlog
d:\program\lifetrack\lifetrack\lifetrack\obj\lifetrack.tlog\link.command.1.tlog
d:\program\lifetrack\lifetrack\lifetrack\obj\lifetrack.tlog\link.read.1.tlog
d:\program\lifetrack\lifetrack\lifetrack\obj\lifetrack.tlog\link.write.1.tlog
d:\program\lifetrack\lifetrack\lifetrack\obj\lifetrack.tlog\moc.read.1u.tlog
d:\program\lifetrack\lifetrack\lifetrack\obj\lifetrack.tlog\moc.write.1u.tlog
d:\program\lifetrack\lifetrack\lifetrack\obj\lifetrack.tlog\rcc.read.1u.tlog
d:\program\lifetrack\lifetrack\lifetrack\obj\lifetrack.tlog\rcc.write.1u.tlog
d:\program\lifetrack\lifetrack\lifetrack\obj\lifetrack.tlog\uic.read.1u.tlog
d:\program\lifetrack\lifetrack\lifetrack\obj\lifetrack.tlog\uic.write.1u.tlog
